Configuring system-fileio-0.3.16.4...
Preprocessing library for system-fileio-0.3.16.4..
Building library for system-fileio-0.3.16.4..
[1 of 1] Compiling Filesystem       ( lib/Filesystem.hs, .stack-work/dist/x86_64-osx/Cabal-2.4.0.1/build/Filesystem.o )

[;1mlib/Filesystem.hs:19:1: [;1m[35mwarning:[0m[0m[;1m [[;1m[35m-Wtabs[0m[0m[;1m][0m[0m[;1m
    Tab character found here, and in 350 further locations.
    Please use spaces instead.[0m[0m
[;1m[34m   |[0m[0m
[;1m[34m19 |[0m[0m [;1m[35m        [0m[0m(
[;1m[34m   |[0m[0m[;1m[35m ^^^^^^^^[0m[0m
[0m[0m[0m
[;1mlib/Filesystem.hs:79:1: [;1m[35mwarning:[0m[0m[;1m [[;1m[35m-Wunused-imports[0m[0m[;1m][0m[0m[;1m
    The import of ‘when’ from module ‘Control.Monad’ is redundant[0m[0m
[;1m[34m   |[0m[0m
[;1m[34m79 |[0m[0m [;1m[35mimport           Control.Monad (forM_, unless, when)[0m[0m
[;1m[34m   |[0m[0m[;1m[35m ^^^^^^^^^^^^^^^^^^^^^^^^^^^^^^^^^^^^^^^^^^^^^^^^^^^^[0m[0m
[0m[0m[0m
[;1mlib/Filesystem.hs:928:1: [;1m[35mwarning:[0m[0m[;1m [[;1m[35m-Wunused-top-binds[0m[0m[;1m][0m[0m[;1m
    Defined but not used: ‘throwErrnoPathIfMinus1’[0m[0m
[;1m[34m    |[0m[0m
[;1m[34m928 |[0m[0m [;1m[35mthrowErrnoPathIfMinus1[0m[0m loc path = CError.throwErrnoPathIfMinus1 loc (encodeString path)
[;1m[34m    |[0m[0m[;1m[35m ^^^^^^^^^^^^^^^^^^^^^^[0m[0m
[0m[0m[0mInstalling library in /Users/cat/.stack/snapshots/x86_64-osx/lts-13.28/8.6.5/lib/x86_64-osx-ghc-8.6.5/system-fileio-0.3.16.4-HlRuLFEUs5510FaMgZTWEJ
Registering library for system-fileio-0.3.16.4..
